<?xml version="1.0" encoding="UTF-8"?>
<!-- Generated by org.testng.reporters.JUnitXMLReporter -->
<testsuite hostname="MC100032220" ignored="4" name="Default test" tests="1" failures="0" timestamp="03 Aug 2022 15:59:55 GMT" time="10.627" errors="0">
  <testcase name="validateStatusDropDownOptions" time="6.472" classname="com.amc.qa.testcases.WarHouseVolumePageTestCases"/>
  <testcase name="validateWMSSystemDropDownValues" time="0.0" classname="com.amc.qa.testcases.WarHouseVolumePageTestCases">
    <ignored/>
  </testcase> <!-- validateWMSSystemDropDownValues -->
  <testcase name="validateDocumentTypeDropDownOptions" time="0.0" classname="com.amc.qa.testcases.WarHouseVolumePageTestCases">
    <ignored/>
  </testcase> <!-- validateDocumentTypeDropDownOptions -->
  <testcase name="validateWarehoueDropDownValues" time="0.0" classname="com.amc.qa.testcases.WarHouseVolumePageTestCases">
    <ignored/>
  </testcase> <!-- validateWarehoueDropDownValues -->
  <testcase name="generateWarHouseVolumeData" time="0.0" classname="com.amc.qa.testcases.WarHouseVolumePageTestCases">
    <ignored/>
  </testcase> <!-- generateWarHouseVolumeData -->
</testsuite> <!-- Default test -->
